<?xml version="1.0" encoding="UTF-8"?>
<robot generator="Robot 6.0.1 (Python 3.11.1 on win32)" generated="20221224 08:29:07.643" rpa="false" schemaversion="3">
<suite id="s1" name="Test" source="c:\OrangeHRM Test\OrangeHRM test\Test\Test.robot">
<test id="s1-t1" name="OrangeHRM add user" line="22">
<kw name="Open Browser" library="SeleniumLibrary">
<arg>https://opensource-demo.orangehrmlive.com/web/index.php/auth/login</arg>
<arg>chrome</arg>
<doc>Opens a new browser instance to the optional ``url``.</doc>
<msg timestamp="20221224 08:29:07.953" level="INFO">Opening browser 'chrome' to base url 'https://opensource-demo.orangehrmlive.com/web/index.php/auth/login'.</msg>
<status status="PASS" starttime="20221224 08:29:07.952" endtime="20221224 08:29:26.841"/>
</kw>
<kw name="Wait Until Page Contains" library="SeleniumLibrary">
<arg>Login</arg>
<doc>Waits until ``text`` appears on the current page.</doc>
<status status="PASS" starttime="20221224 08:29:26.842" endtime="20221224 08:29:27.681"/>
</kw>
<kw name="Sleep" library="BuiltIn">
<arg>2 seconds</arg>
<doc>Pauses the test executed for the given time.</doc>
<msg timestamp="20221224 08:29:29.683" level="INFO">Slept 2 seconds</msg>
<status status="PASS" starttime="20221224 08:29:27.682" endtime="20221224 08:29:29.683"/>
</kw>
<kw name="Input Text" library="SeleniumLibrary">
<arg>//input[@placeholder='Username']</arg>
<arg>Admin</arg>
<doc>Types the given ``text`` into the text field identified by ``locator``.</doc>
<msg timestamp="20221224 08:29:29.684" level="INFO">Typing text 'Admin' into text field '//input[@placeholder='Username']'.</msg>
<status status="PASS" starttime="20221224 08:29:29.684" endtime="20221224 08:29:29.751"/>
</kw>
<kw name="Input Text" library="SeleniumLibrary">
<arg>//input[@placeholder='Password']</arg>
<arg>admin123</arg>
<doc>Types the given ``text`` into the text field identified by ``locator``.</doc>
<msg timestamp="20221224 08:29:29.751" level="INFO">Typing text 'admin123' into text field '//input[@placeholder='Password']'.</msg>
<status status="PASS" starttime="20221224 08:29:29.751" endtime="20221224 08:29:29.834"/>
</kw>
<kw name="Click Button" library="SeleniumLibrary">
<arg>//button[@type='submit']</arg>
<doc>Clicks the button identified by ``locator``.</doc>
<msg timestamp="20221224 08:29:29.835" level="INFO">Clicking button '//button[@type='submit']'.</msg>
<status status="PASS" starttime="20221224 08:29:29.834" endtime="20221224 08:29:29.889"/>
</kw>
<kw name="Wait Until Page Contains Element" library="SeleniumLibrary">
<arg>//a[@class='oxd-main-menu-item active']</arg>
<doc>Waits until the element ``locator`` appears on the current page.</doc>
<status status="PASS" starttime="20221224 08:29:29.889" endtime="20221224 08:29:31.562"/>
</kw>
<kw name="Sleep" library="BuiltIn">
<arg>3 seconds</arg>
<doc>Pauses the test executed for the given time.</doc>
<msg timestamp="20221224 08:29:34.563" level="INFO">Slept 3 seconds</msg>
<status status="PASS" starttime="20221224 08:29:31.563" endtime="20221224 08:29:34.563"/>
</kw>
<kw name="Click Element" library="SeleniumLibrary">
<arg>//li[1]//a[1]//span[1]</arg>
<doc>Click the element identified by ``locator``.</doc>
<msg timestamp="20221224 08:29:34.564" level="INFO">Clicking element '//li[1]//a[1]//span[1]'.</msg>
<status status="PASS" starttime="20221224 08:29:34.564" endtime="20221224 08:29:35.366"/>
</kw>
<kw name="Sleep" library="BuiltIn">
<arg>2 seconds</arg>
<doc>Pauses the test executed for the given time.</doc>
<msg timestamp="20221224 08:29:37.367" level="INFO">Slept 2 seconds</msg>
<status status="PASS" starttime="20221224 08:29:35.367" endtime="20221224 08:29:37.367"/>
</kw>
<kw name="Wait Until Page Contains Element" library="SeleniumLibrary">
<arg>//button[normalize-space()='Add']</arg>
<doc>Waits until the element ``locator`` appears on the current page.</doc>
<status status="PASS" starttime="20221224 08:29:37.368" endtime="20221224 08:29:37.379"/>
</kw>
<kw name="Sleep" library="BuiltIn">
<arg>3 seconds</arg>
<doc>Pauses the test executed for the given time.</doc>
<msg timestamp="20221224 08:29:40.381" level="INFO">Slept 3 seconds</msg>
<status status="PASS" starttime="20221224 08:29:37.380" endtime="20221224 08:29:40.381"/>
</kw>
<kw name="Click Element" library="SeleniumLibrary">
<arg>//button[normalize-space()='Add']</arg>
<doc>Click the element identified by ``locator``.</doc>
<msg timestamp="20221224 08:29:40.382" level="INFO">Clicking element '//button[normalize-space()='Add']'.</msg>
<status status="PASS" starttime="20221224 08:29:40.382" endtime="20221224 08:29:41.617"/>
</kw>
<kw name="Wait Until Page Contains Element" library="SeleniumLibrary">
<arg>//button[@type='submit']</arg>
<doc>Waits until the element ``locator`` appears on the current page.</doc>
<status status="PASS" starttime="20221224 08:29:41.618" endtime="20221224 08:29:42.039"/>
</kw>
<kw name="Sleep" library="BuiltIn">
<arg>2 seconds</arg>
<doc>Pauses the test executed for the given time.</doc>
<msg timestamp="20221224 08:29:44.040" level="INFO">Slept 2 seconds</msg>
<status status="PASS" starttime="20221224 08:29:42.040" endtime="20221224 08:29:44.040"/>
</kw>
<kw name="Click Element" library="SeleniumLibrary">
<arg>//div[@class='oxd-select-text-input'][normalize-space()='-- Select --']</arg>
<doc>Click the element identified by ``locator``.</doc>
<msg timestamp="20221224 08:29:44.041" level="INFO">Clicking element '//div[@class='oxd-select-text-input'][normalize-space()='-- Select --']'.</msg>
<status status="PASS" starttime="20221224 08:29:44.040" endtime="20221224 08:29:44.079"/>
</kw>
<kw name="Sleep" library="BuiltIn">
<arg>2 seconds</arg>
<doc>Pauses the test executed for the given time.</doc>
<msg timestamp="20221224 08:29:46.081" level="INFO">Slept 2 seconds</msg>
<status status="PASS" starttime="20221224 08:29:44.080" endtime="20221224 08:29:46.081"/>
</kw>
<kw name="Select From List By Label" library="SeleniumLibrary">
<arg>//div[@class='oxd-select-dropdown --positon-bottom']</arg>
<arg>Admin</arg>
<doc>Selects options from selection list ``locator`` by ``labels``.</doc>
<msg timestamp="20221224 08:29:46.082" level="INFO">Selecting options from selection list '//div[@class='oxd-select-dropdown --positon-bottom']' by label Admin.</msg>
<msg timestamp="20221224 08:29:46.212" level="INFO" html="true">&lt;/td&gt;&lt;/tr&gt;&lt;tr&gt;&lt;td colspan="3"&gt;&lt;a href="selenium-screenshot-30.png"&gt;&lt;img src="selenium-screenshot-30.png" width="800px"&gt;&lt;/a&gt;</msg>
<msg timestamp="20221224 08:29:46.213" level="FAIL">List with locator '//div[@class='oxd-select-dropdown --positon-bottom']' not found.</msg>
<status status="FAIL" starttime="20221224 08:29:46.081" endtime="20221224 08:29:46.215"/>
</kw>
<kw name="Sleep" library="BuiltIn">
<arg>3 seconds</arg>
<doc>Pauses the test executed for the given time.</doc>
<status status="NOT RUN" starttime="20221224 08:29:46.216" endtime="20221224 08:29:46.216"/>
</kw>
<kw name="Close Browser" library="SeleniumLibrary">
<doc>Closes the current browser.</doc>
<status status="NOT RUN" starttime="20221224 08:29:46.217" endtime="20221224 08:29:46.217"/>
</kw>
<status status="FAIL" starttime="20221224 08:29:07.952" endtime="20221224 08:29:46.217">List with locator '//div[@class='oxd-select-dropdown --positon-bottom']' not found.</status>
</test>
<status status="FAIL" starttime="20221224 08:29:07.648" endtime="20221224 08:29:46.219"/>
</suite>
<statistics>
<total>
<stat pass="0" fail="1" skip="0">All Tests</stat>
</total>
<tag>
</tag>
<suite>
<stat pass="0" fail="1" skip="0" id="s1" name="Test">Test</stat>
</suite>
</statistics>
<errors>
</errors>
</robot>
